#
# There is insufficient memory for the Java Runtime Environment to continue.
# Native memory allocation (malloc) failed to allocate 65552 bytes for Chunk::new
# Possible reasons:
#   The system is out of physical RAM or swap space
#   The process is running with CompressedOops enabled, and the Java Heap may be blocking the growth of the native heap
# Possible solutions:
#   Reduce memory load on the system
#   Increase physical memory or swap space
#   Check if swap backing store is full
#   Decrease Java heap size (-Xmx/-Xms)
#   Decrease number of Java threads
#   Decrease Java thread stack sizes (-Xss)
#   Set larger code cache with -XX:ReservedCodeCacheSize=
#   JVM is running with Zero Based Compressed Oops mode in which the Java heap is
#     placed in the first 32GB address space. The Java Heap base address is the
#     maximum limit for the native heap growth. Please use -XX:HeapBaseMinAddress
#     to set the Java Heap base and to place the Java Heap above 32GB virtual address.
# This output file may be truncated or incomplete.
#
#  Out of Memory Error (./src/hotspot/share/memory/arena.cpp:197), pid=20704, tid=20820
#
# JRE version: OpenJDK Runtime Environment Temurin-11.0.18+10 (11.0.18+10) (build 11.0.18+10)
# Java VM: OpenJDK 64-Bit Server VM Temurin-11.0.18+10 (11.0.18+10, mixed mode, tiered, compressed oops, g1 gc, windows-amd64)
# No core dump will be written. Minidumps are not enabled by default on client versions of Windows
#

---------------  S U M M A R Y ------------

Command Line: -Dfile.encoding=UTF-8 day8.Main

Host: Intel(R) Core(TM) i7-4790 CPU @ 3.60GHz, 8 cores, 15G,  Windows 11 , 64 bit Build 22000 (10.0.22000.1335)
Time: Wed Feb  8 14:41:47 2023  Windows 11 , 64 bit Build 22000 (10.0.22000.1335) elapsed time: 0.602000 seconds (0d 0h 0m 0s)

---------------  T H R E A D  ---------------

Current thread (0x000002167f96c800):  JavaThread "C2 CompilerThread0" daemon [_thread_in_native, id=20820, stack(0x00000048bd600000,0x00000048bd700000)]


Current CompileTask:
C2:    602  488       4       jdk.internal.org.objectweb.asm.Frame::execute (2264 bytes)

Stack: [0x00000048bd600000,0x00000048bd700000]
Native frames: (J=compiled Java code, j=interpreted, Vv=VM code, C=native code)
V  [jvm.dll+0x64f2aa]
V  [jvm.dll+0x7e2769]
V  [jvm.dll+0x7e3e69]
V  [jvm.dll+0x7e4553]
V  [jvm.dll+0x26af95]
V  [jvm.dll+0xc1a1c]
V  [jvm.dll+0xc1fcc]
V  [jvm.dll+0xc1b2b]
V  [jvm.dll+0x62c09f]
V  [jvm.dll+0x22a3db]
V  [jvm.dll+0x67aa7a]
V  [jvm.dll+0x221b6e]
V  [jvm.dll+0x19e681]
V  [jvm.dll+0x231f69]
V  [jvm.dll+0x2300bf]
V  [jvm.dll+0x7a3af0]
V  [jvm.dll+0x79c904]
V  [jvm.dll+0x64e065]
C  [ucrtbase.dll+0x26c0c]
C  [KERNEL32.DLL+0x155a0]
C  [ntdll.dll+0x485b]


---------------  P R O C E S S  ---------------

Threads class SMR info:
_java_thread_list=0x0000021615574a00, length=14, elements={
0x0000021670242800, 0x000002167f051800, 0x000002167f047800, 0x000002167f959800,
0x000002167f95b800, 0x000002167f95d000, 0x000002167f96c800, 0x000002167f96d800,
0x000002167f981000, 0x000002167faf2000, 0x00000216151f2800, 0x00000216151f3000,
0x0000021615209000, 0x00000216156eb800
}

Java Threads: ( => current thread )
  0x0000021670242800 JavaThread "main" [_thread_in_vm, id=20772, stack(0x00000048bca00000,0x00000048bcb00000)]
  0x000002167f051800 JavaThread "Reference Handler" daemon [_thread_blocked, id=20800, stack(0x00000048bd100000,0x00000048bd200000)]
  0x000002167f047800 JavaThread "Finalizer" daemon [_thread_blocked, id=20804, stack(0x00000048bd200000,0x00000048bd300000)]
  0x000002167f959800 JavaThread "Signal Dispatcher" daemon [_thread_blocked, id=20808, stack(0x00000048bd300000,0x00000048bd400000)]
  0x000002167f95b800 JavaThread "Attach Listener" daemon [_thread_blocked, id=20812, stack(0x00000048bd400000,0x00000048bd500000)]
  0x000002167f95d000 JavaThread "Service Thread" daemon [_thread_blocked, id=20816, stack(0x00000048bd500000,0x00000048bd600000)]
=>0x000002167f96c800 JavaThread "C2 CompilerThread0" daemon [_thread_in_native, id=20820, stack(0x00000048bd600000,0x00000048bd700000)]
  0x000002167f96d800 JavaThread "C1 CompilerThread0" daemon [_thread_blocked, id=20824, stack(0x00000048bd700000,0x00000048bd800000)]
  0x000002167f981000 JavaThread "Sweeper thread" daemon [_thread_blocked, id=20828, stack(0x00000048bd800000,0x00000048bd900000)]
  0x000002167faf2000 JavaThread "Common-Cleaner" daemon [_thread_blocked, id=20836, stack(0x00000048bda00000,0x00000048bdb00000)]
  0x00000216151f2800 JavaThread "Java2D Disposer" daemon [_thread_blocked, id=20840, stack(0x00000048bdb00000,0x00000048bdc00000)]
  0x00000216151f3000 JavaThread "AWT-Shutdown" [_thread_blocked, id=20844, stack(0x00000048bdc00000,0x00000048bdd00000)]
  0x0000021615209000 JavaThread "AWT-Windows" daemon [_thread_in_native, id=20848, stack(0x00000048bdd00000,0x00000048bde00000)]
  0x00000216156eb800 JavaThread "C2 CompilerThread1" daemon [_thread_in_native, id=20876, stack(0x00000048be010000,0x00000048be110000)]

Other Threads:
  0x000002167f03e000 VMThread "VM Thread" [stack: 0x00000048bd000000,0x00000048bd100000] [id=20796]
  0x000002167fae9000 WatcherThread [stack: 0x00000048bd900000,0x00000048bda00000] [id=20832]
  0x000002167025b000 GCTaskThread "GC Thread#0" [stack: 0x00000048bcb00000,0x00000048bcc00000] [id=20776]
  0x00000216702b9000 ConcurrentGCThread "G1 Main Marker" [stack: 0x00000048bcc00000,0x00000048bcd00000] [id=20780]
  0x00000216702c1000 ConcurrentGCThread "G1 Conc#0" [stack: 0x00000048bcd00000,0x00000048bce00000] [id=20784]
  0x000002167ef23000 ConcurrentGCThread "G1 Refine#0" [stack: 0x00000048bce00000,0x00000048bcf00000] [id=20788]
  0x000002167ef26000 ConcurrentGCThread "G1 Young RemSet Sampling" [stack: 0x00000048bcf00000,0x00000048bd000000] [id=20792]

Threads with active compile tasks:
C2 CompilerThread0      616  488       4       jdk.internal.org.objectweb.asm.Frame::execute (2264 bytes)
C2 CompilerThread1      616  508       4       jdk.internal.org.objectweb.asm.Item::<init> (66 bytes)

VM state:not at safepoint (normal execution)

VM Mutex/Monitor currently owned by a thread: None

Heap address: 0x0000000700a00000, size: 4086 MB, Compressed Oops mode: Zero based, Oop shift amount: 3
Narrow klass base: 0x0000000800000000, Narrow klass shift: 0
Compressed class space size: 1073741824 Address: 0x0000000800000000

Heap:
 garbage-first heap   total 262144K, used 6144K [0x0000000700a00000, 0x0000000800000000)
  region size 1024K, 7 young (7168K), 0 survivors (0K)
 Metaspace       used 9999K, capacity 10208K, committed 10368K, reserved 1064960K
  class space    used 943K, capacity 1049K, committed 1152K, reserved 1048576K
Heap Regions: E=young(eden), S=young(survivor), O=old, HS=humongous(starts), HC=humongous(continues), CS=collection set, F=free, A=archive, TAMS=top-at-mark-start (previous, next)
|   0|0x0000000700a00000, 0x0000000700a00000, 0x0000000700b00000|  0%| F|  |TAMS 0x0000000700a00000, 0x0000000700a00000| Untracked 
|   1|0x0000000700b00000, 0x0000000700b00000, 0x0000000700c00000|  0%| F|  |TAMS 0x0000000700b00000, 0x0000000700b00000| Untracked 
|   2|0x0000000700c00000, 0x0000000700c00000, 0x0000000700d00000|  0%| F|  |TAMS 0x0000000700c00000, 0x0000000700c00000| Untracked 
|   3|0x0000000700d00000, 0x0000000700d00000, 0x0000000700e00000|  0%| F|  |TAMS 0x0000000700d00000, 0x0000000700d00000| Untracked 
|   4|0x0000000700e00000, 0x0000000700e00000, 0x0000000700f00000|  0%| F|  |TAMS 0x0000000700e00000, 0x0000000700e00000| Untracked 
|   5|0x0000000700f00000, 0x0000000700f00000, 0x0000000701000000|  0%| F|  |TAMS 0x0000000700f00000, 0x0000000700f00000| Untracked 
|   6|0x0000000701000000, 0x0000000701000000, 0x0000000701100000|  0%| F|  |TAMS 0x0000000701000000, 0x0000000701000000| Untracked 
|   7|0x0000000701100000, 0x0000000701100000, 0x0000000701200000|  0%| F|  |TAMS 0x0000000701100000, 0x0000000701100000| Untracked 
|   8|0x0000000701200000, 0x0000000701200000, 0x0000000701300000|  0%| F|  |TAMS 0x0000000701200000, 0x0000000701200000| Untracked 
|   9|0x0000000701300000, 0x0000000701300000, 0x0000000701400000|  0%| F|  |TAMS 0x0000000701300000, 0x0000000701300000| Untracked 
|  10|0x0000000701400000, 0x0000000701400000, 0x0000000701500000|  0%| F|  |TAMS 0x0000000701400000, 0x0000000701400000| Untracked 
|  11|0x0000000701500000, 0x0000000701500000, 0x0000000701600000|  0%| F|  |TAMS 0x0000000701500000, 0x0000000701500000| Untracked 
|  12|0x0000000701600000, 0x0000000701600000, 0x0000000701700000|  0%| F|  |TAMS 0x0000000701600000, 0x0000000701600000| Untracked 
|  13|0x0000000701700000, 0x0000000701700000, 0x0000000701800000|  0%| F|  |TAMS 0x0000000701700000, 0x0000000701700000| Untracked 
|  14|0x0000000701800000, 0x0000000701800000, 0x0000000701900000|  0%| F|  |TAMS 0x0000000701800000, 0x0000000701800000| Untracked 
|  15|0x0000000701900000, 0x0000000701900000, 0x0000000701a00000|  0%| F|  |TAMS 0x0000000701900000, 0x0000000701900000| Untracked 
|  16|0x0000000701a00000, 0x0000000701a00000, 0x0000000701b00000|  0%| F|  |TAMS 0x0000000701a00000, 0x0000000701a00000| Untracked 
|  17|0x0000000701b00000, 0x0000000701b00000, 0x0000000701c00000|  0%| F|  |TAMS 0x0000000701b00000, 0x0000000701b00000| Untracked 
|  18|0x0000000701c00000, 0x0000000701c00000, 0x0000000701d00000|  0%| F|  |TAMS 0x0000000701c00000, 0x0000000701c00000| Untracked 
|  19|0x0000000701d00000, 0x0000000701d00000, 0x0000000701e00000|  0%| F|  |TAMS 0x0000000701d00000, 0x0000000701d00000| Untracked 
|  20|0x0000000701e00000, 0x0000000701e00000, 0x0000000701f00000|  0%| F|  |TAMS 0x0000000701e00000, 0x0000000701e00000| Untracked 
|  21|0x0000000701f00000, 0x0000000701f00000, 0x0000000702000000|  0%| F|  |TAMS 0x0000000701f00000, 0x0000000701f00000| Untracked 
|  22|0x0000000702000000, 0x0000000702000000, 0x0000000702100000|  0%| F|  |TAMS 0x0000000702000000, 0x0000000702000000| Untracked 
|  23|0x0000000702100000, 0x0000000702100000, 0x0000000702200000|  0%| F|  |TAMS 0x0000000702100000, 0x0000000702100000| Untracked 
|  24|0x0000000702200000, 0x0000000702200000, 0x0000000702300000|  0%| F|  |TAMS 0x0000000702200000, 0x0000000702200000| Untracked 
|  25|0x0000000702300000, 0x0000000702300000, 0x0000000702400000|  0%| F|  |TAMS 0x0000000702300000, 0x0000000702300000| Untracked 
|  26|0x0000000702400000, 0x0000000702400000, 0x0000000702500000|  0%| F|  |TAMS 0x0000000702400000, 0x0000000702400000| Untracked 
|  27|0x0000000702500000, 0x0000000702500000, 0x0000000702600000|  0%| F|  |TAMS 0x0000000702500000, 0x0000000702500000| Untracked 
|  28|0x0000000702600000, 0x0000000702600000, 0x0000000702700000|  0%| F|  |TAMS 0x0000000702600000, 0x0000000702600000| Untracked 
|  29|0x0000000702700000, 0x0000000702700000, 0x0000000702800000|  0%| F|  |TAMS 0x0000000702700000, 0x0000000702700000| Untracked 
|  30|0x0000000702800000, 0x0000000702800000, 0x0000000702900000|  0%| F|  |TAMS 0x0000000702800000, 0x0000000702800000| Untracked 
|  31|0x0000000702900000, 0x0000000702900000, 0x0000000702a00000|  0%| F|  |TAMS 0x0000000702900000, 0x0000000702900000| Untracked 
|  32|0x0000000702a00000, 0x0000000702a00000, 0x0000000702b00000|  0%| F|  |TAMS 0x0000000702a00000, 0x0000000702a00000| Untracked 
|  33|0x0000000702b00000, 0x0000000702b00000, 0x0000000702c00000|  0%| F|  |TAMS 0x0000000702b00000, 0x0000000702b00000| Untracked 
|  34|0x0000000702c00000, 0x0000000702c00000, 0x0000000702d00000|  0%| F|  |TAMS 0x0000000702c00000, 0x0000000702c00000| Untracked 
|  35|0x0000000702d00000, 0x0000000702d00000, 0x0000000702e00000|  0%| F|  |TAMS 0x0000000702d00000, 0x0000000702d00000| Untracked 
|  36|0x0000000702e00000, 0x0000000702e00000, 0x0000000702f00000|  0%| F|  |TAMS 0x0000000702e00000, 0x0000000702e00000| Untracked 
|  37|0x0000000702f00000, 0x0000000702f00000, 0x0000000703000000|  0%| F|  |TAMS 0x0000000702f00000, 0x0000000702f00000| Untracked 
|  38|0x0000000703000000, 0x0000000703000000, 0x0000000703100000|  0%| F|  |TAMS 0x0000000703000000, 0x0000000703000000| Untracked 
|  39|0x0000000703100000, 0x0000000703100000, 0x0000000703200000|  0%| F|  |TAMS 0x0000000703100000, 0x0000000703100000| Untracked 
|  40|0x0000000703200000, 0x0000000703200000, 0x0000000703300000|  0%| F|  |TAMS 0x0000000703200000, 0x0000000703200000| Untracked 
|  41|0x0000000703300000, 0x0000000703300000, 0x0000000703400000|  0%| F|  |TAMS 0x0000000703300000, 0x0000000703300000| Untracked 
|  42|0x0000000703400000, 0x0000000703400000, 0x0000000703500000|  0%| F|  |TAMS 0x0000000703400000, 0x0000000703400000| Untracked 
|  43|0x0000000703500000, 0x0000000703500000, 0x0000000703600000|  0%| F|  |TAMS 0x0000000703500000, 0x0000000703500000| Untracked 
|  44|0x0000000703600000, 0x0000000703600000, 0x0000000703700000|  0%| F|  |TAMS 0x0000000703600000, 0x0000000703600000| Untracked 
|  45|0x0000000703700000, 0x0000000703700000, 0x0000000703800000|  0%| F|  |TAMS 0x0000000703700000, 0x0000000703700000| Untracked 
|  46|0x0000000703800000, 0x0000000703800000, 0x0000000703900000|  0%| F|  |TAMS 0x0000000703800000, 0x0000000703800000| Untracked 
|  47|0x0000000703900000, 0x0000000703900000, 0x0000000703a00000|  0%| F|  |TAMS 0x0000000703900000, 0x0000000703900000| Untracked 
|  48|0x0000000703a00000, 0x0000000703a00000, 0x0000000703b00000|  0%| F|  |TAMS 0x0000000703a00000, 0x0000000703a00000| Untracked 
|  49|0x0000000703b00000, 0x0000000703b00000, 0x0000000703c00000|  0%| F|  |TAMS 0x0000000703b00000, 0x0000000703b00000| Untracked 
|  50|0x0000000703c00000, 0x0000000703c00000, 0x0000000703d00000|  0%| F|  |TAMS 0x0000000703c00000, 0x0000000703c00000| Untracked 
|  51|0x0000000703d00000, 0x0000000703d00000, 0x0000000703e00000|  0%| F|  |TAMS 0x0000000703d00000, 0x0000000703d00000| Untracked 
|  52|0x0000000703e00000, 0x0000000703e00000, 0x0000000703f00000|  0%| F|  |TAMS 0x0000000703e00000, 0x0000000703e00000| Untracked 
|  53|0x0000000703f00000, 0x0000000703f00000, 0x0000000704000000|  0%| F|  |TAMS 0x0000000703f00000, 0x0000000703f00000| Untracked 
|  54|0x0000000704000000, 0x0000000704000000, 0x0000000704100000|  0%| F|  |TAMS 0x0000000704000000, 0x0000000704000000| Untracked 
|  55|0x0000000704100000, 0x0000000704100000, 0x0000000704200000|  0%| F|  |TAMS 0x0000000704100000, 0x0000000704100000| Untracked 
|  56|0x0000000704200000, 0x0000000704200000, 0x0000000704300000|  0%| F|  |TAMS 0x0000000704200000, 0x0000000704200000| Untracked 
|  57|0x0000000704300000, 0x0000000704300000, 0x0000000704400000|  0%| F|  |TAMS 0x0000000704300000, 0x0000000704300000| Untracked 
|  58|0x0000000704400000, 0x0000000704400000, 0x0000000704500000|  0%| F|  |TAMS 0x0000000704400000, 0x0000000704400000| Untracked 
|  59|0x0000000704500000, 0x0000000704500000, 0x0000000704600000|  0%| F|  |TAMS 0x0000000704500000, 0x0000000704500000| Untracked 
|  60|0x0000000704600000, 0x0000000704600000, 0x0000000704700000|  0%| F|  |TAMS 0x0000000704600000, 0x0000000704600000| Untracked 
|  61|0x0000000704700000, 0x0000000704700000, 0x0000000704800000|  0%| F|  |TAMS 0x0000000704700000, 0x0000000704700000| Untracked 
|  62|0x0000000704800000, 0x0000000704800000, 0x0000000704900000|  0%| F|  |TAMS 0x0000000704800000, 0x0000000704800000| Untracked 
|  63|0x0000000704900000, 0x0000000704900000, 0x0000000704a00000|  0%| F|  |TAMS 0x0000000704900000, 0x0000000704900000| Untracked 
|  64|0x0000000704a00000, 0x0000000704a00000, 0x0000000704b00000|  0%| F|  |TAMS 0x0000000704a00000, 0x0000000704a00000| Untracked 
|  65|0x0000000704b00000, 0x0000000704b00000, 0x0000000704c00000|  0%| F|  |TAMS 0x0000000704b00000, 0x0000000704b00000| Untracked 
|  66|0x0000000704c00000, 0x0000000704c00000, 0x0000000704d00000|  0%| F|  |TAMS 0x0000000704c00000, 0x0000000704c00000| Untracked 
|  67|0x0000000704d00000, 0x0000000704d00000, 0x0000000704e00000|  0%| F|  |TAMS 0x0000000704d00000, 0x0000000704d00000| Untracked 
|  68|0x0000000704e00000, 0x0000000704e00000, 0x0000000704f00000|  0%| F|  |TAMS 0x0000000704e00000, 0x0000000704e00000| Untracked 
|  69|0x0000000704f00000, 0x0000000704f00000, 0x0000000705000000|  0%| F|  |TAMS 0x0000000704f00000, 0x0000000704f00000| Untracked 
|  70|0x0000000705000000, 0x0000000705000000, 0x0000000705100000|  0%| F|  |TAMS 0x0000000705000000, 0x0000000705000000| Untracked 
|  71|0x0000000705100000, 0x0000000705100000, 0x0000000705200000|  0%| F|  |TAMS 0x0000000705100000, 0x0000000705100000| Untracked 
|  72|0x0000000705200000, 0x0000000705200000, 0x0000000705300000|  0%| F|  |TAMS 0x0000000705200000, 0x0000000705200000| Untracked 
|  73|0x0000000705300000, 0x0000000705300000, 0x0000000705400000|  0%| F|  |TAMS 0x0000000705300000, 0x0000000705300000| Untracked 
|  74|0x0000000705400000, 0x0000000705400000, 0x0000000705500000|  0%| F|  |TAMS 0x0000000705400000, 0x0000000705400000| Untracked 
|  75|0x0000000705500000, 0x0000000705500000, 0x0000000705600000|  0%| F|  |TAMS 0x0000000705500000, 0x0000000705500000| Untracked 
|  76|0x0000000705600000, 0x0000000705600000, 0x0000000705700000|  0%| F|  |TAMS 0x0000000705600000, 0x0000000705600000| Untracked 
|  77|0x0000000705700000, 0x0000000705700000, 0x0000000705800000|  0%| F|  |TAMS 0x0000000705700000, 0x0000000705700000| Untracked 
|  78|0x0000000705800000, 0x0000000705800000, 0x0000000705900000|  0%| F|  |TAMS 0x0000000705800000, 0x0000000705800000| Untracked 
|  79|0x0000000705900000, 0x0000000705900000, 0x0000000705a00000|  0%| F|  |TAMS 0x0000000705900000, 0x0000000705900000| Untracked 
|  80|0x0000000705a00000, 0x0000000705a00000, 0x0000000705b00000|  0%| F|  |TAMS 0x0000000705a00000, 0x0000000705a00000| Untracked 
|  81|0x0000000705b00000, 0x0000000705b00000, 0x0000000705c00000|  0%| F|  |TAMS 0x0000000705b00000, 0x0000000705b00000| Untracked 
|  82|0x0000000705c00000, 0x0000000705c00000, 0x0000000705d00000|  0%| F|  |TAMS 0x0000000705c00000, 0x0000000705c00000| Untracked 
|  83|0x0000000705d00000, 0x0000000705d00000, 0x0000000705e00000|  0%| F|  |TAMS 0x0000000705d00000, 0x0000000705d00000| Untracked 
|  84|0x0000000705e00000, 0x0000000705e00000, 0x0000000705f00000|  0%| F|  |TAMS 0x0000000705e00000, 0x0000000705e00000| Untracked 
|  85|0x0000000705f00000, 0x0000000705f00000, 0x0000000706000000|  0%| F|  |TAMS 0x0000000705f00000, 0x0000000705f00000| Untracked 
|  86|0x0000000706000000, 0x0000000706000000, 0x0000000706100000|  0%| F|  |TAMS 0x0000000706000000, 0x0000000706000000| Untracked 
|  87|0x0000000706100000, 0x0000000706100000, 0x0000000706200000|  0%| F|  |TAMS 0x0000000706100000, 0x0000000706100000| Untracked 
|  88|0x0000000706200000, 0x0000000706200000, 0x0000000706300000|  0%| F|  |TAMS 0x0000000706200000, 0x0000000706200000| Untracked 
|  89|0x0000000706300000, 0x0000000706300000, 0x0000000706400000|  0%| F|  |TAMS 0x0000000706300000, 0x0000000706300000| Untracked 
|  90|0x0000000706400000, 0x0000000706400000, 0x0000000706500000|  0%| F|  |TAMS 0x0000000706400000, 0x0000000706400000| Untracked 
|  91|0x0000000706500000, 0x0000000706500000, 0x0000000706600000|  0%| F|  |TAMS 0x0000000706500000, 0x0000000706500000| Untracked 
|  92|0x0000000706600000, 0x0000000706600000, 0x0000000706700000|  0%| F|  |TAMS 0x0000000706600000, 0x0000000706600000| Untracked 
|  93|0x0000000706700000, 0x0000000706700000, 0x0000000706800000|  0%| F|  |TAMS 0x0000000706700000, 0x0000000706700000| Untracked 
|  94|0x0000000706800000, 0x0000000706800000, 0x0000000706900000|  0%| F|  |TAMS 0x0000000706800000, 0x0000000706800000| Untracked 
|  95|0x0000000706900000, 0x0000000706900000, 0x0000000706a00000|  0%| F|  |TAMS 0x0000000706900000, 0x0000000706900000| Untracked 
|  96|0x0000000706a00000, 0x0000000706a00000, 0x0000000706b00000|  0%| F|  |TAMS 0x0000000706a00000, 0x0000000706a00000| Untracked 
|  97|0x0000000706b00000, 0x0000000706b00000, 0x0000000706c00000|  0%| F|  |TAMS 0x0000000706b00000, 0x0000000706b00000| Untracked 
|  98|0x0000000706c00000, 0x0000000706c00000, 0x0000000706d00000|  0%| F|  |TAMS 0x0000000706c00000, 0x0000000706c00000| Untracked 
|  99|0x0000000706d00000, 0x0000000706d00000, 0x0000000706e00000|  0%| F|  |TAMS 0x0000000706d00000, 0x0000000706d00000| Untracked 
| 100|0x0000000706e00000, 0x0000000706e00000, 0x0000000706f00000|  0%| F|  |TAMS 0x0000000706e00000, 0x0000000706e00000| Untracked 
| 101|0x0000000706f00000, 0x0000000706f00000, 0x0000000707000000|  0%| F|  |TAMS 0x0000000706f00000, 0x0000000706f00000| Untracked 
| 102|0x0000000707000000, 0x0000000707000000, 0x0000000707100000|  0%| F|  |TAMS 0x0000000707000000, 0x0000000707000000| Untracked 
| 103|0x0000000707100000, 0x0000000707100000, 0x0000000707200000|  0%| F|  |TAMS 0x0000000707100000, 0x0000000707100000| Untracked 
| 104|0x0000000707200000, 0x0000000707200000, 0x0000000707300000|  0%| F|  |TAMS 0x0000000707200000, 0x0000000707200000| Untracked 
| 105|0x0000000707300000, 0x0000000707300000, 0x0000000707400000|  0%| F|  |TAMS 0x0000000707300000, 0x0000000707300000| Untracked 
| 106|0x0000000707400000, 0x0000000707400000, 0x0000000707500000|  0%| F|  |TAMS 0x0000000707400000, 0x0000000707400000| Untracked 
| 107|0x0000000707500000, 0x0000000707500000, 0x0000000707600000|  0%| F|  |TAMS 0x0000000707500000, 0x0000000707500000| Untracked 
| 108|0x0000000707600000, 0x0000000707600000, 0x0000000707700000|  0%| F|  |TAMS 0x0000000707600000, 0x0000000707600000| Untracked 
| 109|0x0000000707700000, 0x0000000707700000, 0x0000000707800000|  0%| F|  |TAMS 0x0000000707700000, 0x0000000707700000| Untracked 
| 110|0x0000000707800000, 0x0000000707800000, 0x0000000707900000|  0%| F|  |TAMS 0x0000000707800000, 0x0000000707800000| Untracked 
| 111|0x0000000707900000, 0x0000000707900000, 0x0000000707a00000|  0%| F|  |TAMS 0x0000000707900000, 0x0000000707900000| Untracked 
| 112|0x0000000707a00000, 0x0000000707a00000, 0x0000000707b00000|  0%| F|  |TAMS 0x0000000707a00000, 0x0000000707a00000| Untracked 
| 113|0x0000000707b00000, 0x0000000707b00000, 0x0000000707c00000|  0%| F|  |TAMS 0x0000000707b00000, 0x0000000707b00000| Untracked 
| 114|0x0000000707c00000, 0x0000000707c00000, 0x0000000707d00000|  0%| F|  |TAMS 0x0000000707c00000, 0x0000000707c00000| Untracked 
| 115|0x0000000707d00000, 0x0000000707d00000, 0x0000000707e00000|  0%| F|  |TAMS 0x0000000707d00000, 0x0000000707d00000| Untracked 
| 116|0x0000000707e00000, 0x0000000707e00000, 0x0000000707f00000|  0%| F|  |TAMS 0x0000000707e00000, 0x0000000707e00000| Untracked 
| 117|0x0000000707f00000, 0x0000000707f00000, 0x0000000708000000|  0%| F|  |TAMS 0x0000000707f00000, 0x0000000707f00000| Untracked 
| 118|0x0000000708000000, 0x0000000708000000, 0x0000000708100000|  0%| F|  |TAMS 0x0000000708000000, 0x0000000708000000| Untracked 
| 119|0x0000000708100000, 0x0000000708100000, 0x0000000708200000|  0%| F|  |TAMS 0x0000000708100000, 0x0000000708100000| Untracked 
| 120|0x0000000708200000, 0x0000000708200000, 0x0000000708300000|  0%| F|  |TAMS 0x0000000708200000, 0x0000000708200000| Untracked 
| 121|0x0000000708300000, 0x0000000708300000, 0x0000000708400000|  0%| F|  |TAMS 0x0000000708300000, 0x0000000708300000| Untracked 
| 122|0x0000000708400000, 0x0000000708400000, 0x0000000708500000|  0%| F|  |TAMS 0x0000000708400000, 0x0000000708400000| Untracked 
| 123|0x0000000708500000, 0x0000000708500000, 0x0000000708600000|  0%| F|  |TAMS 0x0000000708500000, 0x0000000708500000| Untracked 
| 124|0x0000000708600000, 0x0000000708600000, 0x0000000708700000|  0%| F|  |TAMS 0x0000000708600000, 0x0000000708600000| Untracked 
| 125|0x0000000708700000, 0x0000000708700000, 0x0000000708800000|  0%| F|  |TAMS 0x0000000708700000, 0x0000000708700000| Untracked 
| 126|0x0000000708800000, 0x0000000708800000, 0x0000000708900000|  0%| F|  |TAMS 0x0000000708800000, 0x0000000708800000| Untracked 
| 127|0x0000000708900000, 0x0000000708900000, 0x0000000708a00000|  0%| F|  |TAMS 0x0000000708900000, 0x0000000708900000| Untracked 
| 128|0x0000000708a00000, 0x0000000708a00000, 0x0000000708b00000|  0%| F|  |TAMS 0x0000000708a00000, 0x0000000708a00000| Untracked 
| 129|0x0000000708b00000, 0x0000000708b00000, 0x0000000708c00000|  0%| F|  |TAMS 0x0000000708b00000, 0x0000000708b00000| Untracked 
| 130|0x0000000708c00000, 0x0000000708c00000, 0x0000000708d00000|  0%| F|  |TAMS 0x0000000708c00000, 0x0000000708c00000| Untracked 
| 131|0x0000000708d00000, 0x0000000708d00000, 0x0000000708e00000|  0%| F|  |TAMS 0x0000000708d00000, 0x0000000708d00000| Untracked 
| 132|0x0000000708e00000, 0x0000000708e00000, 0x0000000708f00000|  0%| F|  |TAMS 0x0000000708e00000, 0x0000000708e00000| Untracked 
| 133|0x0000000708f00000, 0x0000000708f00000, 0x0000000709000000|  0%| F|  |TAMS 0x0000000708f00000, 0x0000000708f00000| Untracked 
| 134|0x0000000709000000, 0x0000000709000000, 0x0000000709100000|  0%| F|  |TAMS 0x0000000709000000, 0x0000000709000000| Untracked 
| 135|0x0000000709100000, 0x0000000709100000, 0x0000000709200000|  0%| F|  |TAMS 0x0000000709100000, 0x0000000709100000| Untracked 
| 136|0x0000000709200000, 0x0000000709200000, 0x0000000709300000|  0%| F|  |TAMS 0x0000000709200000, 0x0000000709200000| Untracked 
| 137|0x0000000709300000, 0x0000000709300000, 0x0000000709400000|  0%| F|  |TAMS 0x0000000709300000, 0x0000000709300000| Untracked 
| 138|0x0000000709400000, 0x0000000709400000, 0x0000000709500000|  0%| F|  |TAMS 0x0000000709400000, 0x0000000709400000| Untracked 
| 139|0x0000000709500000, 0x0000000709500000, 0x0000000709600000|  0%| F|  |TAMS 0x0000000709500000, 0x0000000709500000| Untracked 
| 140|0x0000000709600000, 0x0000000709600000, 0x0000000709700000|  0%| F|  |TAMS 0x0000000709600000, 0x0000000709600000| Untracked 
| 141|0x0000000709700000, 0x0000000709700000, 0x0000000709800000|  0%| F|  |TAMS 0x0000000709700000, 0x0000000709700000| Untracked 
| 142|0x0000000709800000, 0x0000000709800000, 0x0000000709900000|  0%| F|  |TAMS 0x0000000709800000, 0x0000000709800000| Untracked 
| 143|0x0000000709900000, 0x0000000709900000, 0x0000000709a00000|  0%| F|  |TAMS 0x0000000709900000, 0x0000000709900000| Untracked 
| 144|0x0000000709a00000, 0x0000000709a00000, 0x0000000709b00000|  0%| F|  |TAMS 0x0000000709a00000, 0x0000000709a00000| Untracked 
| 145|0x0000000709b00000, 0x0000000709b00000, 0x0000000709c00000|  0%| F|  |TAMS 0x0000000709b00000, 0x0000000709b00000| Untracked 
| 146|0x0000000709c00000, 0x0000000709c00000, 0x0000000709d00000|  0%| F|  |TAMS 0x0000000709c00000, 0x0000000709c00000| Untracked 
| 147|0x0000000709d00000, 0x0000000709d00000, 0x0000000709e00000|  0%| F|  |TAMS 0x0000000709d00000, 0x0000000709d00000| Untracked 
| 148|0x0000000709e00000, 0x0000000709e00000, 0x0000000709f00000|  0%| F|  |TAMS 0x0000000709e00000, 0x0000000709e00000| Untracked 
| 149|0x0000000709f00000, 0x0000000709f00000, 0x000000070a000000|  0%| F|  |TAMS 0x0000000709f00000, 0x0000000709f00000| Untracked 
| 150|0x000000070a000000, 0x000000070a000000, 0x000000070a100000|  0%| F|  |TAMS 0x000000070a000000, 0x000000070a000000| Untracked 
| 151|0x000000070a100000, 0x000000070a100000, 0x000000070a200000|  0%| F|  |TAMS 0x000000070a100000, 0x000000070a100000| Untracked 
| 152|0x000000070a200000, 0x000000070a200000, 0x000000070a300000|  0%| F|  |TAMS 0x000000070a200000, 0x000000070a200000| Untracked 
| 153|0x000000070a300000, 0x000000070a300000, 0x000000070a400000|  0%| F|  |TAMS 0x000000070a300000, 0x000000070a300000| Untracked 
| 154|0x000000070a400000, 0x000000070a400000, 0x000000070a500000|  0%| F|  |TAMS 0x000000070a400000, 0x000000070a400000| Untracked 
| 155|0x000000070a500000, 0x000000070a500000, 0x000000070a600000|  0%| F|  |TAMS 0x000000070a500000, 0x000000070a500000| Untracked 
| 156|0x000000070a600000, 0x000000070a600000, 0x000000070a700000|  0%| F|  |TAMS 0x000000070a600000, 0x000000070a600000| Untracked 
| 157|0x000000070a700000, 0x000000070a700000, 0x000000070a800000|  0%| F|  |TAMS 0x000000070a700000, 0x000000070a700000| Untracked 
| 158|0x000000070a800000, 0x000000070a800000, 0x000000070a900000|  0%| F|  |TAMS 0x000000070a800000, 0x000000070a800000| Untracked 
| 159|0x000000070a900000, 0x000000070a900000, 0x000000070aa00000|  0%| F|  |TAMS 0x000000070a900000, 0x000000070a900000| Untracked 
| 160|0x000000070aa00000, 0x000000070aa00000, 0x000000070ab00000|  0%| F|  |TAMS 0x000000070aa00000, 0x000000070aa00000| Untracked 
| 161|0x000000070ab00000, 0x000000070ab00000, 0x000000070ac00000|  0%| F|  |TAMS 0x000000070ab00000, 0x000000070ab00000| Untracked 
| 162|0x000000070ac00000, 0x000000070ac00000, 0x000000070ad00000|  0%| F|  |TAMS 0x000000070ac00000, 0x000000070ac00000| Untracked 
| 163|0x000000070ad00000, 0x000000070ad00000, 0x000000070ae00000|  0%| F|  |TAMS 0x000000070ad00000, 0x000000070ad00000| Untracked 
| 164|0x000000070ae00000, 0x000000070ae00000, 0x000000070af00000|  0%| F|  |TAMS 0x000000070ae00000, 0x000000070ae00000| Untracked 
| 165|0x000000070af00000, 0x000000070af00000, 0x000000070b000000|  0%| F|  |TAMS 0x000000070af00000, 0x000000070af00000| Untracked 
| 166|0x000000070b000000, 0x000000070b000000, 0x000000070b100000|  0%| F|  |TAMS 0x000000070b000000, 0x000000070b000000| Untracked 
| 167|0x000000070b100000, 0x000000070b100000, 0x000000070b200000|  0%| F|  |TAMS 0x000000070b100000, 0x000000070b100000| Untracked 
| 168|0x000000070b200000, 0x000000070b200000, 0x000000070b300000|  0%| F|  |TAMS 0x000000070b200000, 0x000000070b200000| Untracked 
| 169|0x000000070b300000, 0x000000070b300000, 0x000000070b400000|  0%| F|  |TAMS 0x000000070b300000, 0x000000070b300000| Untracked 
| 170|0x000000070b400000, 0x000000070b400000, 0x000000070b500000|  0%| F|  |TAMS 0x000000070b400000, 0x000000070b400000| Untracked 
| 171|0x000000070b500000, 0x000000070b500000, 0x000000070b600000|  0%| F|  |TAMS 0x000000070b500000, 0x000000070b500000| Untracked 
| 172|0x000000070b600000, 0x000000070b600000, 0x000000070b700000|  0%| F|  |TAMS 0x000000070b600000, 0x000000070b600000| Untracked 
| 173|0x000000070b700000, 0x000000070b700000, 0x000000070b800000|  0%| F|  |TAMS 0x000000070b700000, 0x000000070b700000| Untracked 
| 174|0x000000070b800000, 0x000000070b800000, 0x000000070b900000|  0%| F|  |TAMS 0x000000070b800000, 0x000000070b800000| Untracked 
| 175|0x000000070b900000, 0x000000070b900000, 0x000000070ba00000|  0%| F|  |TAMS 0x000000070b900000, 0x000000070b900000| Untracked 
| 176|0x000000070ba00000, 0x000000070ba00000, 0x000000070bb00000|  0%| F|  |TAMS 0x000000070ba00000, 0x000000070ba00000| Untracked 
| 177|0x000000070bb00000, 0x000000070bb00000, 0x000000070bc00000|  0%| F|  |TAMS 0x000000070bb00000, 0x000000070bb00000| Untracked 
| 178|0x000000070bc00000, 0x000000070bc00000, 0x000000070bd00000|  0%| F|  |TAMS 0x000000070bc00000, 0x000000070bc00000| Untracked 
| 179|0x000000070bd00000, 0x000000070bd00000, 0x000000070be00000|  0%| F|  |TAMS 0x000000070bd00000, 0x000000070bd00000| Untracked 
| 180|0x000000070be00000, 0x000000070be00000, 0x000000070bf00000|  0%| F|  |TAMS 0x000000070be00000, 0x000000070be00000| Untracked 
| 181|0x000000070bf00000, 0x000000070bf00000, 0x000000070c000000|  0%| F|  |TAMS 0x000000070bf00000, 0x000000070bf00000| Untracked 
| 182|0x000000070c000000, 0x000000070c000000, 0x000000070c100000|  0%| F|  |TAMS 0x000000070c000000, 0x000000070c000000| Untracked 
| 183|0x000000070c100000, 0x000000070c100000, 0x000000070c200000|  0%| F|  |TAMS 0x000000070c100000, 0x000000070c100000| Untracked 
| 184|0x000000070c200000, 0x000000070c200000, 0x000000070c300000|  0%| F|  |TAMS 0x000000070c200000, 0x000000070c200000| Untracked 
| 185|0x000000070c300000, 0x000000070c300000, 0x000000070c400000|  0%| F|  |TAMS 0x000000070c300000, 0x000000070c300000| Untracked 
| 186|0x000000070c400000, 0x000000070c400000, 0x000000070c500000|  0%| F|  |TAMS 0x000000070c400000, 0x000000070c400000| Untracked 
| 187|0x000000070c500000, 0x000000070c500000, 0x000000070c600000|  0%| F|  |TAMS 0x000000070c500000, 0x000000070c500000| Untracked 
| 188|0x000000070c600000, 0x000000070c600000, 0x000000070c700000|  0%| F|  |TAMS 0x000000070c600000, 0x000000070c600000| Untracked 
| 189|0x000000070c700000, 0x000000070c700000, 0x000000070c800000|  0%| F|  |TAMS 0x000000070c700000, 0x000000070c700000| Untracked 
| 190|0x000000070c800000, 0x000000070c800000, 0x000000070c900000|  0%| F|  |TAMS 0x000000070c800000, 0x000000070c800000| Untracked 
| 191|0x000000070c900000, 0x000000070c900000, 0x000000070ca00000|  0%| F|  |TAMS 0x000000070c900000, 0x000000070c900000| Untracked 
| 192|0x000000070ca00000, 0x000000070ca00000, 0x000000070cb00000|  0%| F|  |TAMS 0x000000070ca00000, 0x000000070ca00000| Untracked 
| 193|0x000000070cb00000, 0x000000070cb00000, 0x000000070cc00000|  0%| F|  |TAMS 0x000000070cb00000, 0x000000070cb00000| Untracked 
| 194|0x000000070cc00000, 0x000000070cc00000, 0x000000070cd00000|  0%| F|  |TAMS 0x000000070cc00000, 0x000000070cc00000| Untracked 
| 195|0x000000070cd00000, 0x000000070cd00000, 0x000000070ce00000|  0%| F|  |TAMS 0x000000070cd00000, 0x000000070cd00000| Untracked 
| 196|0x000000070ce00000, 0x000000070ce00000, 0x000000070cf00000|  0%| F|  |TAMS 0x000000070ce00000, 0x000000070ce00000| Untracked 
| 197|0x000000070cf00000, 0x000000070cf00000, 0x000000070d000000|  0%| F|  |TAMS 0x000000070cf00000, 0x000000070cf00000| Untracked 
| 198|0x000000070d000000, 0x000000070d000000, 0x000000070d100000|  0%| F|  |TAMS 0x000000070d000000, 0x000000070d000000| Untracked 
| 199|0x000000070d100000, 0x000000070d100000, 0x000000070d200000|  0%| F|  |TAMS 0x000000070d100000, 0x000000070d100000| Untracked 
| 200|0x000000070d200000, 0x000000070d200000, 0x000000070d300000|  0%| F|  |TAMS 0x000000070d200000, 0x000000070d200000| Untracked 
| 201|0x000000070d300000, 0x000000070d300000, 0x000000070d400000|  0%| F|  |TAMS 0x000000070d300000, 0x000000070d300000| Untracked 
| 202|0x000000070d400000, 0x000000070d400000, 0x000000070d500000|  0%| F|  |TAMS 0x000000070d400000, 0x000000070d400000| Untracked 
| 203|0x000000070d500000, 0x000000070d500000, 0x000000070d600000|  0%| F|  |TAMS 0x000000070d500000, 0x000000070d500000| Untracked 
| 204|0x000000070d600000, 0x000000070d600000, 0x000000070d700000|  0%| F|  |TAMS 0x000000070d600000, 0x000000070d600000| Untracked 
| 205|0x000000070d700000, 0x000000070d700000, 0x000000070d800000|  0%| F|  |TAMS 0x000000070d700000, 0x000000070d700000| Untracked 
| 206|0x000000070d800000, 0x000000070d800000, 0x000000070d900000|  0%| F|  |TAMS 0x000000070d800000, 0x000000070d800000| Untracked 
| 207|0x000000070d900000, 0x000000070d900000, 0x000000070da00000|  0%| F|  |TAMS 0x000000070d900000, 0x000000070d900000| Untracked 
| 208|0x000000070da00000, 0x000000070da00000, 0x000000070db00000|  0%| F|  |TAMS 0x000000070da00000, 0x000000070da00000| Untracked 
| 209|0x000000070db00000, 0x000000070db00000, 0x000000070dc00000|  0%| F|  |TAMS 0x000000070db00000, 0x000000070db00000| Untracked 
| 210|0x000000070dc00000, 0x000000070dc00000, 0x000000070dd00000|  0%| F|  |TAMS 0x000000070dc00000, 0x000000070dc00000| Untracked 
| 211|0x000000070dd00000, 0x000000070dd00000, 0x000000070de00000|  0%| F|  |TAMS 0x000000070dd00000, 0x000000070dd00000| Untracked 
| 212|0x000000070de00000, 0x000000070de00000, 0x000000070df00000|  0%| F|  |TAMS 0x000000070de00000, 0x000000070de00000| Untracked 
| 213|0x000000070df00000, 0x000000070df00000, 0x000000070e000000|  0%| F|  |TAMS 0x000000070df00000, 0x000000070df00000| Untracked 
| 214|0x000000070e000000, 0x000000070e000000, 0x000000070e100000|  0%| F|  |TAMS 0x000000070e000000, 0x000000070e000000| Untracked 
| 215|0x000000070e100000, 0x000000070e100000, 0x000000070e200000|  0%| F|  |TAMS 0x000000070e100000, 0x000000070e100000| Untracked 
| 216|0x000000070e200000, 0x000000070e200000, 0x000000070e300000|  0%| F|  |TAMS 0x000000070e200000, 0x000000070e200000| Untracked 
| 217|0x000000070e300000, 0x000000070e300000, 0x000000070e400000|  0%| F|  |TAMS 0x000000070e300000, 0x000000070e300000| Untracked 
| 218|0x000000070e400000, 0x000000070e400000, 0x000000070e500000|  0%| F|  |TAMS 0x000000070e400000, 0x000000070e400000| Untracked 
| 219|0x000000070e500000, 0x000000070e500000, 0x000000070e600000|  0%| F|  |TAMS 0x000000070e500000, 0x000000070e500000| Untracked 
| 220|0x000000070e600000, 0x000000070e600000, 0x000000070e700000|  0%| F|  |TAMS 0x000000070e600000, 0x000000070e600000| Untracked 
| 221|0x000000070e700000, 0x000000070e700000, 0x000000070e800000|  0%| F|  |TAMS 0x000000070e700000, 0x000000070e700000| Untracked 
| 222|0x000000070e800000, 0x000000070e800000, 0x000000070e900000|  0%| F|  |TAMS 0x000000070e800000, 0x000000070e800000| Untracked 
| 223|0x000000070e900000, 0x000000070e900000, 0x000000070ea00000|  0%| F|  |TAMS 0x000000070e900000, 0x000000070e900000| Untracked 
| 224|0x000000070ea00000, 0x000000070ea00000, 0x000000070eb00000|  0%| F|  |TAMS 0x000000070ea00000, 0x000000070ea00000| Untracked 
| 225|0x000000070eb00000, 0x000000070eb00000, 0x000000070ec00000|  0%| F|  |TAMS 0x000000070eb00000, 0x000000070eb00000| Untracked 
| 226|0x000000070ec00000, 0x000000070ec00000, 0x000000070ed00000|  0%| F|  |TAMS 0x000000070ec00000, 0x000000070ec00000| Untracked 
| 227|0x000000070ed00000, 0x000000070ed00000, 0x000000070ee00000|  0%| F|  |TAMS 0x000000070ed00000, 0x000000070ed00000| Untracked 
| 228|0x000000070ee00000, 0x000000070ee00000, 0x000000070ef00000|  0%| F|  |TAMS 0x000000070ee00000, 0x000000070ee00000| Untracked 
| 229|0x000000070ef00000, 0x000000070ef00000, 0x000000070f000000|  0%| F|  |TAMS 0x000000070ef00000, 0x000000070ef00000| Untracked 
| 230|0x000000070f000000, 0x000000070f000000, 0x000000070f100000|  0%| F|  |TAMS 0x000000070f000000, 0x000000070f000000| Untracked 
| 231|0x000000070f100000, 0x000000070f100000, 0x000000070f200000|  0%| F|  |TAMS 0x000000070f100000, 0x000000070f100000| Untracked 
| 232|0x000000070f200000, 0x000000070f200000, 0x000000070f300000|  0%| F|  |TAMS 0x000000070f200000, 0x000000070f200000| Untracked 
| 233|0x000000070f300000, 0x000000070f300000, 0x000000070f400000|  0%| F|  |TAMS 0x000000070f300000, 0x000000070f300000| Untracked 
| 234|0x000000070f400000, 0x000000070f400000, 0x000000070f500000|  0%| F|  |TAMS 0x000000070f400000, 0x000000070f400000| Untracked 
| 235|0x000000070f500000, 0x000000070f500000, 0x000000070f600000|  0%| F|  |TAMS 0x000000070f500000, 0x000000070f500000| Untracked 
| 236|0x000000070f600000, 0x000000070f600000, 0x000000070f700000|  0%| F|  |TAMS 0x000000070f600000, 0x000000070f600000| Untracked 
| 237|0x000000070f700000, 0x000000070f700000, 0x000000070f800000|  0%| F|  |TAMS 0x000000070f700000, 0x000000070f700000| Untracked 
| 238|0x000000070f800000, 0x000000070f800000, 0x000000070f900000|  0%| F|  |TAMS 0x000000070f800000, 0x000000070f800000| Untracked 
| 239|0x000000070f900000, 0x000000070f900000, 0x000000070fa00000|  0%| F|  |TAMS 0x000000070f900000, 0x000000070f900000| Untracked 
| 240|0x000000070fa00000, 0x000000070fa00000, 0x000000070fb00000|  0%| F|  |TAMS 0x000000070fa00000, 0x000000070fa00000| Untracked 
| 241|0x000000070fb00000, 0x000000070fb00000, 0x000000070fc00000|  0%| F|  |TAMS 0x000000070fb00000, 0x000000070fb00000| Untracked 
| 242|0x000000070fc00000, 0x000000070fc00000, 0x000000070fd00000|  0%| F|  |TAMS 0x000000070fc00000, 0x000000070fc00000| Untracked 
| 243|0x000000070fd00000, 0x000000070fd00000, 0x000000070fe00000|  0%| F|  |TAMS 0x000000070fd00000, 0x000000070fd00000| Untracked 
| 244|0x000000070fe00000, 0x000000070fe00000, 0x000000070ff00000|  0%| F|  |TAMS 0x000000070fe00000, 0x000000070fe00000| Untracked 
| 245|0x000000070ff00000, 0x000000070ff00000, 0x0000000710000000|  0%| F|  |TAMS 0x000000070ff00000, 0x000000070ff00000| Untracked 
| 246|0x0000000710000000, 0x0000000710000000, 0x0000000710100000|  0%| F|  |TAMS 0x0000000710000000, 0x0000000710000000| Untracked 
| 247|0x0000000710100000, 0x0000000710100000, 0x0000000710200000|  0%| F|  |TAMS 0x0000000710100000, 0x0000000710100000| Untracked 
| 248|0x0000000710200000, 0x0000000710200000, 0x0000000710300000|  0%| F|  |TAMS 0x0000000710200000, 0x0000000710200000| Untracked 
| 249|0x0000000710300000, 0x000000071037b630, 0x0000000710400000| 48%| E|  |TAMS 0x0000000710300000, 0x0000000710300000| Complete 
| 250|0x0000000710400000, 0x0000000710500000, 0x0000000710500000|100%| E|CS|TAMS 0x0000000710400000, 0x0000000710400000| Complete 
| 251|0x0000000710500000, 0x0000000710600000, 0x0000000710600000|100%| E|CS|TAMS 0x0000000710500000, 0x0000000710500000| Complete 
| 252|0x0000000710600000, 0x0000000710700000, 0x0000000710700000|100%| E|CS|TAMS 0x0000000710600000, 0x0000000710600000| Complete 
| 253|0x0000000710700000, 0x0000000710800000, 0x0000000710800000|100%| E|CS|TAMS 0x0000000710700000, 0x0000000710700000| Complete 
| 254|0x0000000710800000, 0x0000000710900000, 0x0000000710900000|100%| E|CS|TAMS 0x0000000710800000, 0x0000000710800000| Complete 
| 255|0x0000000710900000, 0x0000000710a00000, 0x0000000710a00000|100%| E|CS|TAMS 0x0000000710900000, 0x0000000710900000| Complete 

Card table byte_map: [0x00000216794f0000,0x0000021679cf0000] _byte_map_base: 0x0000021675ceb000

Marking Bits (Prev, Next): (CMBitMap*) 0x00000216702a75b8, (CMBitMap*) 0x00000216702a75f0
 Prev Bits: [0x000002167a4f0000, 0x000002167e4c8000)
 Next Bits: [0x000002160f000000, 0x0000021612fd8000)

Polling page: 0x000002166e1f0000

Metaspace:

Usage:
  Non-class:      8.94 MB capacity,     8.84 MB ( 99%) used,    82.30 KB ( <1%) free+waste,    20.81 KB ( <1%) overhead. 
      Class:      1.02 MB capacity,   943.67 KB ( 90%) used,    95.02 KB (  9%) free+waste,    10.31 KB ( <1%) overhead. 
       Both:      9.97 MB capacity,     9.77 MB ( 98%) used,   177.31 KB (  2%) free+waste,    31.12 KB ( <1%) overhead. 

Virtual space:
  Non-class space:       16.00 MB reserved,       9.00 MB ( 56%) committed 
      Class space:        1.00 GB reserved,       1.12 MB ( <1%) committed 
             Both:        1.02 GB reserved,      10.12 MB ( <1%) committed 

Chunk freelists:
   Non-Class:  57.00 KB
       Class:  0 bytes
        Both:  57.00 KB

MaxMetaspaceSize: 17179869184.00 GB
CompressedClassSpaceSize: 1.00 GB
Initial GC threshold: 20.80 MB
Current GC threshold: 20.80 MB
CDS: off

CodeHeap 'non-profiled nmethods': size=120000Kb used=167Kb max_used=167Kb free=119832Kb
 bounds [0x0000021607ad0000, 0x0000021607d40000, 0x000002160f000000]
CodeHeap 'profiled nmethods': size=120000Kb used=802Kb max_used=802Kb free=119197Kb
 bounds [0x00000216005a0000, 0x0000021600810000, 0x0000021607ad0000]
CodeHeap 'non-nmethods': size=5760Kb used=1179Kb max_used=1188Kb free=4580Kb
 bounds [0x0000021600000000, 0x0000021600270000, 0x00000216005a0000]
 total_blobs=983 nmethods=536 adapters=360
 compilation: enabled
              stopped_count=0, restarted_count=0
 full_count=0

Compilation events (20 events):
Event: 0.597 Thread 0x000002167f96d800 nmethod 490 0x0000021600654d10 code [0x0000021600654ec0, 0x00000216006550b8]
Event: 0.597 Thread 0x000002167f96c800 nmethod 485 0x0000021607af8610 code [0x0000021607af87a0, 0x0000021607af8898]
Event: 0.597 Thread 0x000002167f96d800  491       3       java.lang.Integer::stringSize (47 bytes)
Event: 0.597 Thread 0x000002167f96c800  488       4       jdk.internal.org.objectweb.asm.Frame::execute (2264 bytes)
Event: 0.597 Thread 0x000002167f96d800 nmethod 491 0x0000021600655190 code [0x0000021600655340, 0x0000021600655578]
Event: 0.597 Thread 0x000002167f96d800  492       3       java.lang.Integer::getChars (131 bytes)
Event: 0.597 Thread 0x000002167f96d800 nmethod 492 0x0000021600655610 code [0x0000021600655800, 0x0000021600655c38]
Event: 0.599 Thread 0x000002167f96d800  493       3       jdk.internal.org.objectweb.asm.ClassWriter::addType (103 bytes)
Event: 0.599 Thread 0x000002167f96d800 nmethod 493 0x0000021600655e90 code [0x00000216006560a0, 0x00000216006567c8]
Event: 0.599 Thread 0x000002167f96d800  494       3       jdk.internal.org.objectweb.asm.Type::getArgumentTypes (131 bytes)
Event: 0.600 Thread 0x000002167f96d800 nmethod 494 0x0000021600656990 code [0x0000021600656be0, 0x0000021600657748]
Event: 0.600 Thread 0x000002167f96d800  495       1       java.lang.invoke.ClassSpecializer$SpeciesData::getterFunctions (5 bytes)
Event: 0.600 Thread 0x000002167f96d800 nmethod 495 0x0000021607af8990 code [0x0000021607af8b40, 0x0000021607af8bf8]
Event: 0.600 Thread 0x000002167f96d800  497       3       java.util.ArrayList::<init> (12 bytes)
Event: 0.600 Thread 0x000002167f96d800 nmethod 497 0x0000021600657b10 code [0x0000021600657ce0, 0x0000021600657f78]
Event: 0.600 Thread 0x000002167f96d800  498       3       jdk.internal.org.objectweb.asm.Item::<init> (5 bytes)
Event: 0.600 Thread 0x000002167f96d800 nmethod 498 0x0000021600658090 code [0x0000021600658240, 0x0000021600658398]
Event: 0.600 Thread 0x000002167f96d800  499   !   3       java.lang.invoke.MemberName$Factory::resolve (157 bytes)
Event: 0.600 Thread 0x000002167f96d800 nmethod 499 0x0000021600658490 code [0x00000216006586c0, 0x0000021600658d28]
Event: 0.600 Thread 0x000002167f96d800  500       3       java.lang.Class::getPackageName (81 bytes)

GC Heap History (0 events):
No events

Deoptimization events (16 events):
Event: 0.075 Thread 0x0000021670242800 Uncommon trap: trap_request=0xffffff4d fr.pc=0x0000021607ad469c relative=0x000000000000017c
Event: 0.075 Thread 0x0000021670242800 Uncommon trap: reason=unstable_if action=reinterpret pc=0x0000021607ad469c method=java.lang.String.hashCode()I @ 14 c2
Event: 0.075 Thread 0x0000021670242800 DEOPT PACKING pc=0x0000021607ad469c sp=0x00000048bcafd230
Event: 0.075 Thread 0x0000021670242800 DEOPT UNPACKING pc=0x000002160004a1af sp=0x00000048bcafd1c8 mode 2
Event: 0.104 Thread 0x0000021670242800 Uncommon trap: trap_request=0xffffff4d fr.pc=0x0000021607ad52f8 relative=0x0000000000000058
Event: 0.104 Thread 0x0000021670242800 Uncommon trap: reason=unstable_if action=reinterpret pc=0x0000021607ad52f8 method=java.lang.String.isLatin1()Z @ 10 c2
Event: 0.104 Thread 0x0000021670242800 DEOPT PACKING pc=0x0000021607ad52f8 sp=0x00000048bcaf5370
Event: 0.104 Thread 0x0000021670242800 DEOPT UNPACKING pc=0x000002160004a1af sp=0x00000048bcaf5300 mode 2
Event: 0.160 Thread 0x0000021670242800 Uncommon trap: trap_request=0xffffff4d fr.pc=0x0000021607ad88a0 relative=0x0000000000000080
Event: 0.160 Thread 0x0000021670242800 Uncommon trap: reason=unstable_if action=reinterpret pc=0x0000021607ad88a0 method=java.lang.String.charAt(I)C @ 4 c2
Event: 0.160 Thread 0x0000021670242800 DEOPT PACKING pc=0x0000021607ad88a0 sp=0x00000048bcafaa30
Event: 0.160 Thread 0x0000021670242800 DEOPT UNPACKING pc=0x000002160004a1af sp=0x00000048bcafa9d0 mode 2
Event: 0.598 Thread 0x0000021670242800 Uncommon trap: trap_request=0xffffff4d fr.pc=0x0000021607aeac30 relative=0x0000000000000190
Event: 0.598 Thread 0x0000021670242800 Uncommon trap: reason=unstable_if action=reinterpret pc=0x0000021607aeac30 method=java.lang.String.hashCode()I @ 22 c2
Event: 0.598 Thread 0x0000021670242800 DEOPT PACKING pc=0x0000021607aeac30 sp=0x00000048bcafd230
Event: 0.598 Thread 0x0000021670242800 DEOPT UNPACKING pc=0x000002160004a1af sp=0x00000048bcafd1b8 mode 2

Classes redefined (0 events):
No events

Internal exceptions (11 events):
Event: 0.132 Thread 0x0000021670242800 Exception <a 'java/lang/ClassNotFoundException'{0x00000007107678e8}: sun/awt/resources/spi/awtProvider> (0x00000007107678e8) thrown at [./src/hotspot/share/classfile/systemDictionary.cpp, line 230]
Event: 0.161 Thread 0x0000021670242800 Exception <a 'java/io/FileNotFoundException'{0x0000000710601a38}> (0x0000000710601a38) thrown at [./src/hotspot/share/prims/jni.cpp, line 617]
Event: 0.169 Thread 0x0000021670242800 Exception <a 'java/lang/NoSuchMethodError'{0x000000071065c8d0}: 'java.lang.Object java.lang.invoke.DirectMethodHandle$Holder.invokeStatic(java.lang.Object, java.lang.Object, java.lang.Object, java.lang.Object, java.lang.Object, java.lang.Object, java.lang.Object, java.lang.Object, java.lang.Object, java.lang.Object, java.lang.Object, java.lang.Object, java.lang.Object, java.lang.Object, java.lang.Object)'> (0x000000071065c8d0) thrown at [./src/hotspot/share/interpreter/linkResolver.cpp, line 773]
Event: 0.171 Thread 0x0000021670242800 Exception <a 'java/lang/NoSuchMethodError'{0x000000071066a640}: 'java.lang.Object java.lang.invoke.DirectMethodHandle$Holder.invokeStatic(java.lang.Object, java.lang.Object, java.lang.Object, java.lang.Object, java.lang.Object, java.lang.Object, java.lang.Object, java.lang.Object, java.lang.Object, java.lang.Object, java.lang.Object, java.lang.Object, java.lang.Object, java.lang.Object, java.lang.Object, java.lang.Object)'> (0x000000071066a640) thrown at [./src/hotspot/share/interpreter/linkResolver.cpp, l
Event: 0.172 Thread 0x0000021670242800 Exception <a 'java/lang/NoSuchMethodError'{0x00000007106782b0}: 'java.lang.Object java.lang.invoke.DirectMethodHandle$Holder.invokeSpecial(java.lang.Object, java.lang.Object, int, int, java.lang.Object, java.lang.Object, java.lang.Object)'> (0x00000007106782b0) thrown at [./src/hotspot/share/interpreter/linkResolver.cpp, line 773]
Event: 0.172 Thread 0x0000021670242800 Exception <a 'java/lang/NoSuchMethodError'{0x000000071067ba80}: 'java.lang.Object java.lang.invoke.DelegatingMethodHandle$Holder.reinvoke_L(java.lang.Object, int, int, java.lang.Object, java.lang.Object, java.lang.Object)'> (0x000000071067ba80) thrown at [./src/hotspot/share/interpreter/linkResolver.cpp, line 773]
Event: 0.173 Thread 0x0000021670242800 Exception <a 'java/lang/NoSuchMethodError'{0x000000071067fb60}: 'java.lang.Object java.lang.invoke.DirectMethodHandle$Holder.invokeStatic(java.lang.Object, java.lang.Object, java.lang.Object, java.lang.Object, int)'> (0x000000071067fb60) thrown at [./src/hotspot/share/interpreter/linkResolver.cpp, line 773]
Event: 0.180 Thread 0x0000021670242800 Exception <a 'java/io/FileNotFoundException'{0x00000007106e2908}> (0x00000007106e2908) thrown at [./src/hotspot/share/prims/jni.cpp, line 617]
Event: 0.221 Thread 0x0000021615209000 Exception <a 'java/lang/NoSuchMethodError'{0x0000000710580a30}: 'void java.lang.invoke.DirectMethodHandle$Holder.invokeSpecial(java.lang.Object, java.lang.Object)'> (0x0000000710580a30) thrown at [./src/hotspot/share/interpreter/linkResolver.cpp, line 773]
Event: 0.224 Thread 0x0000021670242800 Exception <a 'java/lang/NoSuchMethodError'{0x000000071040a7d8}: 'java.lang.Object java.lang.invoke.DirectMethodHandle$Holder.invokeStatic(java.lang.Object, java.lang.Object, java.lang.Object, java.lang.Object, java.lang.Object, java.lang.Object, java.lang.Object, java.lang.Object, int)'> (0x000000071040a7d8) thrown at [./src/hotspot/share/interpreter/linkResolver.cpp, line 773]
Event: 0.226 Thread 0x0000021670242800 Exception <a 'java/lang/NoSuchMethodError'{0x0000000710424738}: 'java.lang.Object java.lang.invoke.DirectMethodHandle$Holder.invokeStatic(java.lang.Object, java.lang.Object, java.lang.Object, java.lang.Object, java.lang.Object, java.lang.Object, java.lang.Object, java.lang.Object, int, int)'> (0x0000000710424738) thrown at [./src/hotspot/share/interpreter/linkResolver.cpp, line 773]

Events (20 events):
Event: 0.597 loading class sun/awt/windows/WDesktopProperties
Event: 0.597 loading class sun/awt/windows/WDesktopProperties done
Event: 0.597 loading class sun/awt/windows/ThemeReader
Event: 0.598 loading class sun/awt/windows/ThemeReader done
Event: 0.598 loading class java/util/concurrent/locks/ReentrantReadWriteLock
Event: 0.598 loading class java/util/concurrent/locks/ReadWriteLock
Event: 0.598 loading class java/util/concurrent/locks/ReadWriteLock done
Event: 0.598 loading class java/util/concurrent/locks/ReentrantReadWriteLock done
Event: 0.598 loading class java/util/concurrent/locks/ReentrantReadWriteLock$NonfairSync
Event: 0.598 loading class java/util/concurrent/locks/ReentrantReadWriteLock$Sync
Event: 0.598 loading class java/util/concurrent/locks/ReentrantReadWriteLock$Sync done
Event: 0.598 loading class java/util/concurrent/locks/ReentrantReadWriteLock$NonfairSync done
Event: 0.598 loading class java/util/concurrent/locks/ReentrantReadWriteLock$Sync$ThreadLocalHoldCounter
Event: 0.598 loading class java/util/concurrent/locks/ReentrantReadWriteLock$Sync$ThreadLocalHoldCounter done
Event: 0.598 loading class java/util/concurrent/locks/ReentrantReadWriteLock$ReadLock
Event: 0.598 loading class java/util/concurrent/locks/ReentrantReadWriteLock$ReadLock done
Event: 0.598 loading class java/util/concurrent/locks/ReentrantReadWriteLock$WriteLock
Event: 0.598 loading class java/util/concurrent/locks/ReentrantReadWriteLock$WriteLock done
Event: 0.600 loading class java/lang/invoke/BoundMethodHandle$Species_LLLLLLIIL
Event: 0.600 loading class java/lang/invoke/BoundMethodHandle$Species_LLLLLLIIL done


Dynamic libraries:
0x00007ff61d930000 - 0x00007ff61d93d000 	C:\Program Files\Eclipse Adoptium\jdk-11.0.18.10-hotspot\bin\javaw.exe
0x00007ffe5bd60000 - 0x00007ffe5bf69000 	C:\windows\SYSTEM32\ntdll.dll
0x00007ffe5b050000 - 0x00007ffe5b10e000 	C:\windows\System32\KERNEL32.DLL
0x00007ffe59580000 - 0x00007ffe598fb000 	C:\windows\System32\KERNELBASE.dll
0x00007ffe59230000 - 0x00007ffe59341000 	C:\windows\System32\ucrtbase.dll
0x00007ffe55410000 - 0x00007ffe55429000 	C:\Program Files\Eclipse Adoptium\jdk-11.0.18.10-hotspot\bin\VCRUNTIME140.dll
0x00007ffe55e50000 - 0x00007ffe55e67000 	C:\Program Files\Eclipse Adoptium\jdk-11.0.18.10-hotspot\bin\jli.dll
0x00007ffe59f50000 - 0x00007ffe5a0fd000 	C:\windows\System32\USER32.dll
0x00007ffe59bb0000 - 0x00007ffe59bd6000 	C:\windows\System32\win32u.dll
0x00007ffe4ead0000 - 0x00007ffe4ed75000 	C:\windows\WinSxS\amd64_microsoft.windows.common-controls_6595b64144ccf1df_6.0.22000.120_none_9d947278b86cc467\COMCTL32.dll
0x00007ffe5bb80000 - 0x00007ffe5bba9000 	C:\windows\System32\GDI32.dll
0x00007ffe5b830000 - 0x00007ffe5b8d3000 	C:\windows\System32\msvcrt.dll
0x00007ffe59900000 - 0x00007ffe59a18000 	C:\windows\System32\gdi32full.dll
0x00007ffe59a20000 - 0x00007ffe59abd000 	C:\windows\System32\msvcp_win.dll
0x00007ffe5b510000 - 0x00007ffe5b542000 	C:\windows\System32\IMM32.DLL
0x00007ffe56680000 - 0x00007ffe5668c000 	C:\Program Files\Eclipse Adoptium\jdk-11.0.18.10-hotspot\bin\vcruntime140_1.dll
0x00007ffe49970000 - 0x00007ffe49a01000 	C:\Program Files\Eclipse Adoptium\jdk-11.0.18.10-hotspot\bin\msvcp140.dll
0x00007ffde25d0000 - 0x00007ffde318a000 	C:\Program Files\Eclipse Adoptium\jdk-11.0.18.10-hotspot\bin\server\jvm.dll
0x00007ffe5ab20000 - 0x00007ffe5abce000 	C:\windows\System32\ADVAPI32.dll
0x00007ffe5a980000 - 0x00007ffe5aa1e000 	C:\windows\System32\sechost.dll
0x00007ffe5ba60000 - 0x00007ffe5bb80000 	C:\windows\System32\RPCRT4.dll
0x00007ffe5b4f0000 - 0x00007ffe5b4f8000 	C:\windows\System32\PSAPI.DLL
0x00007ffe41e50000 - 0x00007ffe41e59000 	C:\windows\SYSTEM32\WSOCK32.dll
0x00007ffe4f290000 - 0x00007ffe4f2c3000 	C:\windows\SYSTEM32\WINMM.dll
0x00007ffe539f0000 - 0x00007ffe539fa000 	C:\windows\SYSTEM32\VERSION.dll
0x00007ffe5b550000 - 0x00007ffe5b5bf000 	C:\windows\System32\WS2_32.dll
0x00007ffe583a0000 - 0x00007ffe583b8000 	C:\windows\SYSTEM32\kernel.appcore.dll
0x00007ffe55e40000 - 0x00007ffe55e50000 	C:\Program Files\Eclipse Adoptium\jdk-11.0.18.10-hotspot\bin\verify.dll
0x00007ffe4eff0000 - 0x00007ffe4f211000 	C:\windows\SYSTEM32\DBGHELP.DLL
0x00007ffe4ed80000 - 0x00007ffe4edb1000 	C:\windows\SYSTEM32\dbgcore.DLL
0x00007ffe59ac0000 - 0x00007ffe59b3f000 	C:\windows\System32\bcryptPrimitives.dll
0x00007ffe4e080000 - 0x00007ffe4e0a8000 	C:\Program Files\Eclipse Adoptium\jdk-11.0.18.10-hotspot\bin\java.dll
0x00007ffe55400000 - 0x00007ffe5540a000 	C:\Program Files\Eclipse Adoptium\jdk-11.0.18.10-hotspot\bin\jimage.dll
0x00007ffe4e060000 - 0x00007ffe4e078000 	C:\Program Files\Eclipse Adoptium\jdk-11.0.18.10-hotspot\bin\zip.dll
0x00007ffe5a100000 - 0x00007ffe5a8b7000 	C:\windows\System32\SHELL32.dll
0x00007ffe57320000 - 0x00007ffe57b85000 	C:\windows\SYSTEM32\windows.storage.dll
0x00007ffe5b110000 - 0x00007ffe5b488000 	C:\windows\System32\combase.dll
0x00007ffe571b0000 - 0x00007ffe57316000 	C:\windows\SYSTEM32\wintypes.dll
0x00007ffe59d80000 - 0x00007ffe59e6a000 	C:\windows\System32\SHCORE.dll
0x00007ffe5bbd0000 - 0x00007ffe5bc2d000 	C:\windows\System32\shlwapi.dll
0x00007ffe59160000 - 0x00007ffe59181000 	C:\windows\SYSTEM32\profapi.dll
0x00007ffe49950000 - 0x00007ffe49969000 	C:\Program Files\Eclipse Adoptium\jdk-11.0.18.10-hotspot\bin\net.dll
0x00007ffe54480000 - 0x00007ffe54594000 	C:\windows\SYSTEM32\WINHTTP.dll
0x00007ffe58840000 - 0x00007ffe588a7000 	C:\windows\system32\mswsock.dll
0x00007ffe49930000 - 0x00007ffe49943000 	C:\Program Files\Eclipse Adoptium\jdk-11.0.18.10-hotspot\bin\nio.dll
0x00007ffe0b670000 - 0x00007ffe0b7f1000 	C:\Program Files\Eclipse Adoptium\jdk-11.0.18.10-hotspot\bin\awt.dll
0x00007ffe59e70000 - 0x00007ffe59f46000 	C:\windows\System32\OLEAUT32.dll
0x00007ffe56780000 - 0x00007ffe56812000 	C:\windows\SYSTEM32\apphelp.dll
0x00007ffe56ca0000 - 0x00007ffe56ccf000 	C:\windows\system32\DWMAPI.DLL
0x00007ffe56940000 - 0x00007ffe569ec000 	C:\windows\system32\uxtheme.dll
0x00007ffe0c670000 - 0x00007ffe0c771000 	C:\windows\system32\opengl32.dll
0x00007ffe55de0000 - 0x00007ffe55e0d000 	C:\windows\SYSTEM32\GLU32.dll
0x00007ffe56a40000 - 0x00007ffe56a78000 	C:\windows\SYSTEM32\dxcore.dll
0x00007ffe5b8e0000 - 0x00007ffe5b9fd000 	C:\windows\System32\MSCTF.dll
0x00007ffe59be0000 - 0x00007ffe59d7a000 	C:\windows\System32\ole32.dll
0x00007ffe30070000 - 0x00007ffe30216000 	C:\windows\system32\d3d9.dll
0x00007ffe58ae0000 - 0x00007ffe58af2000 	C:\windows\SYSTEM32\msasn1.dll
0x00007ffe539b0000 - 0x00007ffe539e1000 	C:\windows\SYSTEM32\cryptnet.dll
0x00007ffe59350000 - 0x00007ffe594b2000 	C:\windows\System32\CRYPT32.dll
0x00007ffe58aa0000 - 0x00007ffe58aac000 	C:\windows\SYSTEM32\cryptbase.dll
0x00007ffe59b40000 - 0x00007ffe59ba8000 	C:\windows\System32\WINTRUST.DLL
0x00007ffe5b790000 - 0x00007ffe5b7af000 	C:\windows\System32\imagehlp.dll
0x00007ffe58a80000 - 0x00007ffe58a98000 	C:\windows\SYSTEM32\CRYPTSP.dll
0x00007ffe58300000 - 0x00007ffe58335000 	C:\windows\system32\rsaenh.dll
0x00007ffe58c10000 - 0x00007ffe58c37000 	C:\windows\SYSTEM32\bcrypt.dll
0x00007ffe4f7d0000 - 0x00007ffe4f8d2000 	C:\windows\System32\DriverStore\FileRepository\nv_dispi.inf_amd64_60daf66a00f2e0b6\nvldumdx.dll
0x00007ffde3190000 - 0x00007ffde4bab000 	C:\windows\System32\DriverStore\FileRepository\nv_dispi.inf_amd64_60daf66a00f2e0b6\nvd3dumx.dll
0x00007ffe53d40000 - 0x00007ffe53d84000 	C:\windows\SYSTEM32\directxdatabasehelper.dll
0x00007ffe583c0000 - 0x00007ffe583f4000 	C:\windows\SYSTEM32\ntmarta.dll
0x00007ffe588d0000 - 0x00007ffe588f4000 	C:\windows\SYSTEM32\gpapi.dll

dbghelp: loaded successfully - version: 4.0.5 - missing functions: none
symbol engine: initialized successfully - sym options: 0x614 - pdb path: .;C:\Program Files\Eclipse Adoptium\jdk-11.0.18.10-hotspot\bin;C:\windows\SYSTEM32;C:\windows\WinSxS\amd64_microsoft.windows.common-controls_6595b64144ccf1df_6.0.22000.120_none_9d947278b86cc467;C:\Program Files\Eclipse Adoptium\jdk-11.0.18.10-hotspot\bin\server;C:\windows\System32\DriverStore\FileRepository\nv_dispi.inf_amd64_60daf66a00f2e0b6

VM Arguments:
jvm_args: -Dfile.encoding=UTF-8 
java_command: day8.Main
java_class_path (initial): C:\Users\Administrator\eclipse-workspace\java_20230130\target\classes;C:\Users\Administrator\.m2\repository\org\mongodb\mongodb-driver-sync\4.2.2\mongodb-driver-sync-4.2.2.jar;C:\Users\Administrator\.m2\repository\org\mongodb\bson\4.2.2\bson-4.2.2.jar;C:\Users\Administrator\.m2\repository\org\mongodb\mongodb-driver-core\4.2.2\mongodb-driver-core-4.2.2.jar;C:\Users\Administrator\.m2\repository\org\slf4j\slf4j-api\1.7.30\slf4j-api-1.7.30.jar;C:\Users\Administrator\.m2\repository\org\projectlombok\lombok\1.18.12\lombok-1.18.12.jar;C:\Users\Administrator\.m2\repository\org\json\json\20220320\json-20220320.jar
Launcher Type: SUN_STANDARD

[Global flags]
     intx CICompilerCount                          = 4                                         {product} {ergonomic}
     uint ConcGCThreads                            = 2                                         {product} {ergonomic}
     uint G1ConcRefinementThreads                  = 8                                         {product} {ergonomic}
   size_t G1HeapRegionSize                         = 1048576                                   {product} {ergonomic}
    uintx GCDrainStackTargetSize                   = 64                                        {product} {ergonomic}
   size_t InitialHeapSize                          = 268435456                                 {product} {ergonomic}
   size_t MarkStackSize                            = 4194304                                   {product} {ergonomic}
   size_t MaxHeapSize                              = 4284481536                                {product} {ergonomic}
   size_t MaxNewSize                               = 2570059776                                {product} {ergonomic}
   size_t MinHeapDeltaBytes                        = 1048576                                   {product} {ergonomic}
    uintx NonNMethodCodeHeapSize                   = 5836300                                {pd product} {ergonomic}
    uintx NonProfiledCodeHeapSize                  = 122910970                              {pd product} {ergonomic}
    uintx ProfiledCodeHeapSize                     = 122910970                              {pd product} {ergonomic}
    uintx ReservedCodeCacheSize                    = 251658240                              {pd product} {ergonomic}
     bool SegmentedCodeCache                       = true                                      {product} {ergonomic}
     bool UseCompressedClassPointers               = true                                 {lp64_product} {ergonomic}
     bool UseCompressedOops                        = true                                 {lp64_product} {ergonomic}
     bool UseG1GC                                  = true                                      {product} {ergonomic}
     bool UseLargePagesIndividualAllocation        = false                                  {pd product} {ergonomic}

Logging:
Log output configuration:
 #0: stdout all=warning uptime,level,tags
 #1: stderr all=off uptime,level,tags

Environment Variables:
JAVA_HOME=C:\Program Files\Eclipse Adoptium\jdk-11.0.18.10-hotspot\
PATH=C:/Users/Administrator/.p2/pool/plugins/org.eclipse.justj.openjdk.hotspot.jre.full.win32.x86_64_17.0.6.v20230125-1136/jre/bin/server;C:/Users/Administrator/.p2/pool/plugins/org.eclipse.justj.openjdk.hotspot.jre.full.win32.x86_64_17.0.6.v20230125-1136/jre/bin;C:\Program Files\Eclipse Adoptium\jdk-11.0.18.10-hotspot\bin;C:\Program Files (x86)\Common Files\Oracle\Java\javapath;C:\windows\system32;C:\windows;C:\windows\System32\Wbem;C:\windows\System32\WindowsPowerShell\v1.0\;C:\windows\System32\OpenSSH\;C:\Users\Administrator\AppData\Local\Microsoft\WindowsApps;C:\Users\Administrator\AppData\Local\GitHubDesktop\bin;C:\windows\system32;
USERNAME=PKNU
OS=Windows_NT
PROCESSOR_IDENTIFIER=Intel64 Family 6 Model 60 Stepping 3, GenuineIntel
TMP=C:\Users\ADMINI~1\AppData\Local\Temp
TEMP=C:\Users\ADMINI~1\AppData\Local\Temp



---------------  S Y S T E M  ---------------

OS: Windows 11 , 64 bit Build 22000 (10.0.22000.1335)
OS uptime: 0 days 6:01 hours

CPU:total 8 (initial active 8) (4 cores per cpu, 2 threads per core) family 6 model 60 stepping 3 microcode 0x28, cmov, cx8, fxsr, mmx, sse, sse2, sse3, ssse3, sse4.1, sse4.2, popcnt, avx, avx2, aes, clmul, erms, lzcnt, ht, tsc, tscinvbit, bmi1, bmi2, fma

Memory: 4k page, system-wide physical 16338M (7559M free)
TotalPageFile size 29006M (AvailPageFile size 3M)
current process WorkingSet (physical memory assigned to process): 68M, peak: 68M
current process commit charge ("private bytes"): 359M, peak: 359M

vm_info: OpenJDK 64-Bit Server VM (11.0.18+10) for windows-amd64 JRE (11.0.18+10), built on Jan 18 2023 04:27:27 by "" with MS VC++ 16.7 (VS2019)

END.
